Using pre-set license
Built from '2020.2/staging' branch; Version is '2020.2.7f1 (c53830e277f1) revision 12924976'; Using compiler version '192528614'; Build Type 'Release'
OS: 'Windows 10 Home; OS build 19043.1466; Version 2009; 64bit' Language: 'es' Physical Memory: 16061 MB
BatchMode: 1, IsHumanControllingUs: 0, StartBugReporterOnCrash: 0, Is64bit: 1, IsPro: 0

 COMMAND LINE ARGUMENTS:
C:\Program Files\Unity\Hub\Editor\2020.2.7f1\Editor\Unity.exe
-adb2
-batchMode
-noUpm
-name
AssetImportWorker0
-projectPath
E:/UnityProjectos/Global-gamejam
-logFile
Logs/AssetImportWorker0.log
-srvPort
55782
Successfully changed project path to: E:/UnityProjectos/Global-gamejam
E:/UnityProjectos/Global-gamejam
Using Asset Import Pipeline V2.
Refreshing native plugins compatible for Editor in 71.63 ms, found 0 plugins.
Preloading 0 native plugins for Editor in 0.00 ms.
Initialize engine version: 2020.2.7f1 (c53830e277f1)
[Subsystems] Discovering subsystems at path C:/Program Files/Unity/Hub/Editor/2020.2.7f1/Editor/Data/Resources/UnitySubsystems
[Subsystems] Discovering subsystems at path E:/UnityProjectos/Global-gamejam/Assets
GfxDevice: creating device client; threaded=0
Direct3D:
    Version:  Direct3D 11.0 [level 11.1]
    Renderer: NVIDIA GeForce RTX 3060 Laptop GPU (ID=0x2520)
    Vendor:   
    VRAM:     6023 MB
    Driver:   30.0.14.9729
Shader 'Universal Render Pipeline/Particles/Lit': fallback shader 'Universal Render Pipeline/Particles/SimpleLit' not found
Initialize mono
Mono path[0] = 'C:/Program Files/Unity/Hub/Editor/2020.2.7f1/Editor/Data/Managed'
Mono path[1] = 'C:/Program Files/Unity/Hub/Editor/2020.2.7f1/Editor/Data/MonoBleedingEdge/lib/mono/unityjit'
Mono config path = 'C:/Program Files/Unity/Hub/Editor/2020.2.7f1/Editor/Data/MonoBleedingEdge/etc'
Using monoOptions --debugger-agent=transport=dt_socket,embedding=1,server=y,suspend=n,address=127.0.0.1:56192
Begin MonoManager ReloadAssembly
Registering precompiled unity dll's ...
Register platform support module: C:/Program Files/Unity/Hub/Editor/2020.2.7f1/Editor/Data/PlaybackEngines/WebGLSupport/UnityEditor.WebGL.Extensions.dll
Register platform support module: C:/Program Files/Unity/Hub/Editor/2020.2.7f1/Editor/Data/PlaybackEngines/WindowsStandaloneSupport/UnityEditor.WindowsStandalone.Extensions.dll
Registered in 0.004717 seconds.
Native extension for WindowsStandalone target not found
Native extension for WebGL target not found
Refreshing native plugins compatible for Editor in 39.73 ms, found 0 plugins.
Preloading 0 native plugins for Editor in 0.00 ms.
Invoked RoslynAnalysisRunner static constructor.
RoslynAnalysisRunner will not be running.
RoslynAnalysisRunner has terminated.
Mono: successfully reloaded assembly
- Completed reload, in  1.075 seconds
Platform modules already initialized, skipping
Registering precompiled user dll's ...
Registered in 0.003065 seconds.
Begin MonoManager ReloadAssembly
Native extension for WindowsStandalone target not found
Native extension for WebGL target not found
Refreshing native plugins compatible for Editor in 44.21 ms, found 0 plugins.
Preloading 0 native plugins for Editor in 0.00 ms.
Invoked RoslynAnalysisRunner static constructor.
RoslynAnalysisRunner will not be running.
RoslynAnalysisRunner has terminated.
Mono: successfully reloaded assembly
- Completed reload, in  1.033 seconds
Platform modules already initialized, skipping
========================================================================
Worker process is ready to serve import requests
Shader 'Universal Render Pipeline/Particles/Lit': fallback shader 'Universal Render Pipeline/Particles/SimpleLit' not found
Launched and connected shader compiler UnityShaderCompiler.exe after 0.06 seconds
Refreshing native plugins compatible for Editor in 0.61 ms, found 0 plugins.
Preloading 0 native plugins for Editor in 0.00 ms.
Unloading 2424 Unused Serialized files (Serialized files now loaded: 0)
System memory in use before: 112.4 MB.
System memory in use after: 112.5 MB.

Unloading 10 unused Assets to reduce memory usage. Loaded Objects now: 2869.
Total: 1.787300 ms (FindLiveObjects: 0.231300 ms CreateObjectMapping: 0.067600 ms MarkObjects: 1.395300 ms  DeleteObjects: 0.092000 ms)

========================================================================
Received Import Request.
  path: Assets/Prefabs/Portal.prefab
  artifactKey: Guid(0fe94c43fd8a17043953ab3c72491fa4) Importer(815301076,1909f56bfc062723c751e8b465ee728b)
Start importing Assets/Prefabs/Portal.prefab using Guid(0fe94c43fd8a17043953ab3c72491fa4) Importer(815301076,1909f56bfc062723c751e8b465ee728b)  -> (artifact id: '3d61a23122fb5523d80aaa88b3832e35') in 0.267354 seconds
  Import took 0.273146 seconds .

========================================================================
Received Import Request.
  Time since last request: 0.000245 seconds.
  path: Assets/Prefabs/MaxAtracted.prefab
  artifactKey: Guid(9d57a69a0303a7c4589fde00e76f5279) Importer(815301076,1909f56bfc062723c751e8b465ee728b)
Start importing Assets/Prefabs/MaxAtracted.prefab using Guid(9d57a69a0303a7c4589fde00e76f5279) Importer(815301076,1909f56bfc062723c751e8b465ee728b)  -> (artifact id: '7c62a0e523fcff7160284c274c30dcae') in 0.031838 seconds
  Import took 0.036485 seconds .

========================================================================
Received Import Request.
  Time since last request: 0.005173 seconds.
  path: Assets/Prefabs/MaxAtracted.prefab
  artifactKey: Guid(9d57a69a0303a7c4589fde00e76f5279) Importer(815301076,1909f56bfc062723c751e8b465ee728b)
Start importing Assets/Prefabs/MaxAtracted.prefab using Guid(9d57a69a0303a7c4589fde00e76f5279) Importer(815301076,1909f56bfc062723c751e8b465ee728b)  -> (artifact id: '7c62a0e523fcff7160284c274c30dcae') in 0.032107 seconds
  Import took 0.038910 seconds .

========================================================================
Received Import Request.
  Time since last request: 14.869302 seconds.
  path: Assets/Fbx/Boton.fbx
  artifactKey: Guid(3b0c6124975f66c40938195b40d4d4a2) Importer(815301076,1909f56bfc062723c751e8b465ee728b)
Start importing Assets/Fbx/Boton.fbx using Guid(3b0c6124975f66c40938195b40d4d4a2) Importer(815301076,1909f56bfc062723c751e8b465ee728b)  -> (artifact id: 'c7c30e0df3476f53b6c7893919bcaa02') in 0.151549 seconds
  Import took 0.157320 seconds .

========================================================================
Received Import Request.
  Time since last request: 0.000418 seconds.
  path: Assets/Fbx/cubo_energia_02.fbx
  artifactKey: Guid(ffd8b762c7a87744b909cc07983f714d) Importer(815301076,1909f56bfc062723c751e8b465ee728b)
Start importing Assets/Fbx/cubo_energia_02.fbx using Guid(ffd8b762c7a87744b909cc07983f714d) Importer(815301076,1909f56bfc062723c751e8b465ee728b)  -> (artifact id: '669ab454125d3488b070c1a8d97e59e8') in 0.030988 seconds
  Import took 0.039911 seconds .

========================================================================
Received Import Request.
  Time since last request: 0.000701 seconds.
  path: Assets/Fbx/Portal.fbx
  artifactKey: Guid(11d5d739e34055540aea9485bdf3358b) Importer(815301076,1909f56bfc062723c751e8b465ee728b)
Start importing Assets/Fbx/Portal.fbx using Guid(11d5d739e34055540aea9485bdf3358b) Importer(815301076,1909f56bfc062723c751e8b465ee728b)  -> (artifact id: '98e730a7c3f3cf01890b4033915e6a92') in 0.080426 seconds
  Import took 0.086855 seconds .

========================================================================
Received Import Request.
  Time since last request: 0.000230 seconds.
  path: Assets/Fbx/i-man.fbx
  artifactKey: Guid(b55a109f2760f6e4d8bfe498a390e664) Importer(815301076,1909f56bfc062723c751e8b465ee728b)
Start importing Assets/Fbx/i-man.fbx using Guid(b55a109f2760f6e4d8bfe498a390e664) Importer(815301076,1909f56bfc062723c751e8b465ee728b)  -> (artifact id: '1891d4c0fb088033bb68b90f679cfce9') in 0.253254 seconds
  Import took 0.257108 seconds .

========================================================================
Received Import Request.
  Time since last request: 0.000188 seconds.
  path: Assets/Fbx/cubo_energia_01.fbx
  artifactKey: Guid(1c47db7dc06711d43963e6e2f7a852ca) Importer(815301076,1909f56bfc062723c751e8b465ee728b)
Start importing Assets/Fbx/cubo_energia_01.fbx using Guid(1c47db7dc06711d43963e6e2f7a852ca) Importer(815301076,1909f56bfc062723c751e8b465ee728b)  -> (artifact id: '1e91eb87fe8b9b88562a5bc2594bf2f3') in 0.041976 seconds
  Import took 0.047377 seconds .

========================================================================
Received Import Request.
  Time since last request: 0.000173 seconds.
  path: Assets/Fbx/Palanca.fbx
  artifactKey: Guid(1ead9cae5507cf1429e342ed196aa809) Importer(815301076,1909f56bfc062723c751e8b465ee728b)
Start importing Assets/Fbx/Palanca.fbx using Guid(1ead9cae5507cf1429e342ed196aa809) Importer(815301076,1909f56bfc062723c751e8b465ee728b)  -> (artifact id: '52a793c60bb903e0feb0a9ff9226a3ea') in 0.090986 seconds
  Import took 0.094759 seconds .

========================================================================
Received Import Request.
  Time since last request: 0.476305 seconds.
  path: Assets/Settings/ForwardRenderer.asset
  artifactKey: Guid(4a8e21d5c33334b11b34a596161b9360) Importer(815301076,1909f56bfc062723c751e8b465ee728b)
Start importing Assets/Settings/ForwardRenderer.asset using Guid(4a8e21d5c33334b11b34a596161b9360) Importer(815301076,1909f56bfc062723c751e8b465ee728b)  -> (artifact id: '6d67ed928855c8e8aa2aa9529d594330') in 0.007741 seconds
  Import took 0.014933 seconds .

========================================================================
Received Import Request.
  Time since last request: 0.000377 seconds.
  path: Assets/Settings/SampleSceneProfile.asset
  artifactKey: Guid(10fc4df2da32a41aaa32d77bc913491c) Importer(815301076,1909f56bfc062723c751e8b465ee728b)
Start importing Assets/Settings/SampleSceneProfile.asset using Guid(10fc4df2da32a41aaa32d77bc913491c) Importer(815301076,1909f56bfc062723c751e8b465ee728b)  -> (artifact id: '18d0ba9741123129dc2180f415e7532f') in 0.015501 seconds
  Import took 0.028393 seconds .

========================================================================
Received Import Request.
  Time since last request: 0.000515 seconds.
  path: Assets/Settings/UniversalRP-LowQuality.asset
  artifactKey: Guid(a31e9f9f9c9d4b9429ed0d1234e22103) Importer(815301076,1909f56bfc062723c751e8b465ee728b)
Start importing Assets/Settings/UniversalRP-LowQuality.asset using Guid(a31e9f9f9c9d4b9429ed0d1234e22103) Importer(815301076,1909f56bfc062723c751e8b465ee728b)  -> (artifact id: '60ecbe1456bd7da3a911a4cc7135ca8d') in 0.008031 seconds
  Import took 0.016042 seconds .

========================================================================
Received Import Request.
  Time since last request: 0.000199 seconds.
  path: Assets/Settings/UniversalRP-MediumQuality.asset
  artifactKey: Guid(d847b876476d3d6468f5dfcd34266f96) Importer(815301076,1909f56bfc062723c751e8b465ee728b)
Start importing Assets/Settings/UniversalRP-MediumQuality.asset using Guid(d847b876476d3d6468f5dfcd34266f96) Importer(815301076,1909f56bfc062723c751e8b465ee728b)  -> (artifact id: '1d798a0fb306abc78ca45ad48846e795') in 0.013823 seconds
  Import took 0.020061 seconds .

========================================================================
Received Import Request.
  Time since last request: 0.000309 seconds.
  path: Assets/Settings/UniversalRP-HighQuality.asset
  artifactKey: Guid(19ba41d7c0026c3459d37c2fe90c55a0) Importer(815301076,1909f56bfc062723c751e8b465ee728b)
Start importing Assets/Settings/UniversalRP-HighQuality.asset using Guid(19ba41d7c0026c3459d37c2fe90c55a0) Importer(815301076,1909f56bfc062723c751e8b465ee728b)  -> (artifact id: 'b852843040d857d340daf4e24c803b65') in 0.009962 seconds
  Import took 0.015464 seconds .

========================================================================
Received Import Request.
  Time since last request: 2.717319 seconds.
  path: Assets/Materials/TempColor2.mat
  artifactKey: Guid(0b3b82b817f6c3c4aa42fb80fac34717) Importer(815301076,1909f56bfc062723c751e8b465ee728b)
Start importing Assets/Materials/TempColor2.mat using Guid(0b3b82b817f6c3c4aa42fb80fac34717) Importer(815301076,1909f56bfc062723c751e8b465ee728b)  -> (artifact id: '60009b7e72bebcf8785f0753be4456cf') in 0.032823 seconds
  Import took 0.039889 seconds .

========================================================================
Received Import Request.
  Time since last request: 503.015221 seconds.
  path: Assets/Assets/Particulas
  artifactKey: Guid(7870b0824c248104380ff6abff200220) Importer(815301076,1909f56bfc062723c751e8b465ee728b)
Start importing Assets/Assets/Particulas using Guid(7870b0824c248104380ff6abff200220) Importer(815301076,1909f56bfc062723c751e8b465ee728b)  -> (artifact id: '7dcd127bfc5a010c43375231858adf05') in 0.006902 seconds
  Import took 0.011328 seconds .

========================================================================
Received Import Request.
  Time since last request: 0.058485 seconds.
  path: Assets/Assets/Particulas/Absorve.prefab
  artifactKey: Guid(a14af6a587ab35d4d943657977c25e49) Importer(815301076,1909f56bfc062723c751e8b465ee728b)
Start importing Assets/Assets/Particulas/Absorve.prefab using Guid(a14af6a587ab35d4d943657977c25e49) Importer(815301076,1909f56bfc062723c751e8b465ee728b)  -> (artifact id: 'fce2a668cfe524fdf8d4011322f87599') in 0.014041 seconds
  Import took 0.020028 seconds .

========================================================================
Received Import Request.
  Time since last request: 0.000329 seconds.
  path: Assets/Assets/Particulas/part1.png
  artifactKey: Guid(fd2e16f7a28335142a34d94ba5851d20) Importer(815301076,1909f56bfc062723c751e8b465ee728b)
Start importing Assets/Assets/Particulas/part1.png using Guid(fd2e16f7a28335142a34d94ba5851d20) Importer(815301076,1909f56bfc062723c751e8b465ee728b)  -> (artifact id: 'a17e9d43627eb454da4bcd66851950ce') in 0.041691 seconds
  Import took 0.045249 seconds .

========================================================================
Received Import Request.
  Time since last request: 0.000207 seconds.
  path: Assets/Assets/Particulas/Mat3.mat
  artifactKey: Guid(419320761433bcc47b7834c7692997f1) Importer(815301076,1909f56bfc062723c751e8b465ee728b)
Start importing Assets/Assets/Particulas/Mat3.mat using Guid(419320761433bcc47b7834c7692997f1) Importer(815301076,1909f56bfc062723c751e8b465ee728b)  -> (artifact id: '6e8927014b95750d083ffb72af94ae2b') in 0.040103 seconds
  Import took 0.043340 seconds .

========================================================================
Received Import Request.
  Time since last request: 0.000164 seconds.
  path: Assets/Assets/Particulas/part2.png
  artifactKey: Guid(856616c2e88039d499c12a4a2261977b) Importer(815301076,1909f56bfc062723c751e8b465ee728b)
Start importing Assets/Assets/Particulas/part2.png using Guid(856616c2e88039d499c12a4a2261977b) Importer(815301076,1909f56bfc062723c751e8b465ee728b)  -> (artifact id: '26dc8223baa994d812d5b109c3812fb8') in 0.010746 seconds
  Import took 0.015268 seconds .

========================================================================
Received Import Request.
  Time since last request: 0.000221 seconds.
  path: Assets/Assets/Particulas/Mat2.mat
  artifactKey: Guid(48766d6c18f39b045b377d4a80e59027) Importer(815301076,1909f56bfc062723c751e8b465ee728b)
Start importing Assets/Assets/Particulas/Mat2.mat using Guid(48766d6c18f39b045b377d4a80e59027) Importer(815301076,1909f56bfc062723c751e8b465ee728b)  -> (artifact id: '351a82574961423bc3a2e11465146bba') in 0.013925 seconds
  Import took 0.017768 seconds .

========================================================================
Received Import Request.
  Time since last request: 0.000232 seconds.
  path: Assets/Assets/Particulas/part3.png
  artifactKey: Guid(671a810380fb4ba4f949b7847aa64008) Importer(815301076,1909f56bfc062723c751e8b465ee728b)
Start importing Assets/Assets/Particulas/part3.png using Guid(671a810380fb4ba4f949b7847aa64008) Importer(815301076,1909f56bfc062723c751e8b465ee728b)  -> (artifact id: '40ced82a5de3abcb62d7f5bd1b8b93d5') in 0.012058 seconds
  Import took 0.016979 seconds .

========================================================================
Received Import Request.
  Time since last request: 37.630819 seconds.
  path: Assets/Assets/Particulas/Iman.png
  artifactKey: Guid(4ce5510c9add0d241945397e8c5a884e) Importer(815301076,1909f56bfc062723c751e8b465ee728b)
Start importing Assets/Assets/Particulas/Iman.png using Guid(4ce5510c9add0d241945397e8c5a884e) Importer(815301076,1909f56bfc062723c751e8b465ee728b)  -> (artifact id: '322d66e3589cf920dc05068c04a4e228') in 0.024735 seconds
  Import took 0.031446 seconds .

========================================================================
Received Import Request.
  Time since last request: 5.067023 seconds.
  path: Assets/Assets/Particulas/Iman.png
  artifactKey: Guid(4ce5510c9add0d241945397e8c5a884e) Importer(815301076,1909f56bfc062723c751e8b465ee728b)
Start importing Assets/Assets/Particulas/Iman.png using Guid(4ce5510c9add0d241945397e8c5a884e) Importer(815301076,1909f56bfc062723c751e8b465ee728b)  -> (artifact id: '89c5c3cd7f3981accb6dc7807c82e6fa') in 0.018046 seconds
  Import took 0.022536 seconds .

========================================================================
Received Import Request.
  Time since last request: 2.745140 seconds.
  path: Assets/Assets/Particulas/Iman 1.png
  artifactKey: Guid(bf3b2934648cf7e48aeaad3d2b04e5fd) Importer(815301076,1909f56bfc062723c751e8b465ee728b)
Start importing Assets/Assets/Particulas/Iman 1.png using Guid(bf3b2934648cf7e48aeaad3d2b04e5fd) Importer(815301076,1909f56bfc062723c751e8b465ee728b)  -> (artifact id: '87c0311c83ab2b85988ab4732c2df58e') in 0.013099 seconds
  Import took 0.017529 seconds .

========================================================================
Received Import Request.
  Time since last request: 5.664740 seconds.
  path: Assets/Assets/Particulas/Iman 1.png
  artifactKey: Guid(bf3b2934648cf7e48aeaad3d2b04e5fd) Importer(815301076,1909f56bfc062723c751e8b465ee728b)
Start importing Assets/Assets/Particulas/Iman 1.png using Guid(bf3b2934648cf7e48aeaad3d2b04e5fd) Importer(815301076,1909f56bfc062723c751e8b465ee728b)  -> (artifact id: 'a32c73fddcd77a3211320d77923a2e79') in 0.012722 seconds
  Import took 0.016693 seconds .

========================================================================
Received Import Request.
  Time since last request: 5.797483 seconds.
  path: Packages/com.unity.render-pipelines.universal/Runtime/Materials/ParticlesUnlit.mat
  artifactKey: Guid(e823cd5b5d27c0f4b8256e7c12ee3e6d) Importer(815301076,1909f56bfc062723c751e8b465ee728b)
Start importing Packages/com.unity.render-pipelines.universal/Runtime/Materials/ParticlesUnlit.mat using Guid(e823cd5b5d27c0f4b8256e7c12ee3e6d) Importer(815301076,1909f56bfc062723c751e8b465ee728b)  -> (artifact id: 'ad981cb43cba2695546438d374ad2281') in 0.013276 seconds
  Import took 0.017441 seconds .

========================================================================
Received Import Request.
  Time since last request: 0.028525 seconds.
  path: Packages/com.unity.render-pipelines.universal/Runtime/Materials/ParticlesUnlit.mat
  artifactKey: Guid(e823cd5b5d27c0f4b8256e7c12ee3e6d) Importer(815301076,1909f56bfc062723c751e8b465ee728b)
Start importing Packages/com.unity.render-pipelines.universal/Runtime/Materials/ParticlesUnlit.mat using Guid(e823cd5b5d27c0f4b8256e7c12ee3e6d) Importer(815301076,1909f56bfc062723c751e8b465ee728b)  -> (artifact id: 'ad981cb43cba2695546438d374ad2281') in 0.013523 seconds
  Import took 0.017059 seconds .

========================================================================
Received Prepare
Registering precompiled user dll's ...
Registered in 0.004477 seconds.
Begin MonoManager ReloadAssembly
Native extension for WindowsStandalone target not found
Native extension for WebGL target not found
Refreshing native plugins compatible for Editor in 0.35 ms, found 0 plugins.
Preloading 0 native plugins for Editor in 0.00 ms.
Invoked RoslynAnalysisRunner static constructor.
RoslynAnalysisRunner will not be running.
RoslynAnalysisRunner has terminated.
Mono: successfully reloaded assembly
- Completed reload, in  1.316 seconds
Platform modules already initialized, skipping
Shader 'Universal Render Pipeline/Particles/Lit': fallback shader 'Universal Render Pipeline/Particles/SimpleLit' not found
Refreshing native plugins compatible for Editor in 0.47 ms, found 0 plugins.
Preloading 0 native plugins for Editor in 0.00 ms.
Unloading 2317 Unused Serialized files (Serialized files now loaded: 0)
System memory in use before: 112.5 MB.
System memory in use after: 112.7 MB.

Unloading 6 unused Assets to reduce memory usage. Loaded Objects now: 2963.
Total: 2.021100 ms (FindLiveObjects: 0.223800 ms CreateObjectMapping: 0.069700 ms MarkObjects: 1.652700 ms  DeleteObjects: 0.073800 ms)

========================================================================
Received Import Request.
  Time since last request: 502.418118 seconds.
  path: Assets/Assets/Particulas/Iman1.mat
  artifactKey: Guid(e5c97df3d3076834498fb8a3447ce651) Importer(815301076,1909f56bfc062723c751e8b465ee728b)
Start importing Assets/Assets/Particulas/Iman1.mat using Guid(e5c97df3d3076834498fb8a3447ce651) Importer(815301076,1909f56bfc062723c751e8b465ee728b)  -> (artifact id: 'dfba1c1eed795a7f32717e16698e338b') in 0.160206 seconds
  Import took 0.166311 seconds .

========================================================================
Received Prepare
Registering precompiled user dll's ...
Registered in 0.003037 seconds.
Begin MonoManager ReloadAssembly
Native extension for WindowsStandalone target not found
Native extension for WebGL target not found
Refreshing native plugins compatible for Editor in 0.53 ms, found 0 plugins.
Preloading 0 native plugins for Editor in 0.00 ms.
Invoked RoslynAnalysisRunner static constructor.
RoslynAnalysisRunner will not be running.
RoslynAnalysisRunner has terminated.
Mono: successfully reloaded assembly
- Completed reload, in  0.892 seconds
Platform modules already initialized, skipping
Shader 'Universal Render Pipeline/Particles/Lit': fallback shader 'Universal Render Pipeline/Particles/SimpleLit' not found
Refreshing native plugins compatible for Editor in 0.36 ms, found 0 plugins.
Preloading 0 native plugins for Editor in 0.00 ms.
Unloading 2315 Unused Serialized files (Serialized files now loaded: 0)
System memory in use before: 112.6 MB.
System memory in use after: 112.8 MB.

Unloading 5 unused Assets to reduce memory usage. Loaded Objects now: 3002.
Total: 1.768300 ms (FindLiveObjects: 0.253600 ms CreateObjectMapping: 0.081300 ms MarkObjects: 1.405600 ms  DeleteObjects: 0.027200 ms)

========================================================================
Received Prepare
Registering precompiled user dll's ...
Registered in 0.002550 seconds.
Begin MonoManager ReloadAssembly
Native extension for WindowsStandalone target not found
Native extension for WebGL target not found
Refreshing native plugins compatible for Editor in 0.50 ms, found 0 plugins.
Preloading 0 native plugins for Editor in 0.00 ms.
Invoked RoslynAnalysisRunner static constructor.
RoslynAnalysisRunner will not be running.
RoslynAnalysisRunner has terminated.
Mono: successfully reloaded assembly
- Completed reload, in  0.935 seconds
Platform modules already initialized, skipping
Shader 'Universal Render Pipeline/Particles/Lit': fallback shader 'Universal Render Pipeline/Particles/SimpleLit' not found
Refreshing native plugins compatible for Editor in 0.72 ms, found 0 plugins.
Preloading 0 native plugins for Editor in 0.00 ms.
Unloading 2315 Unused Serialized files (Serialized files now loaded: 0)
System memory in use before: 112.6 MB.
System memory in use after: 112.8 MB.

Unloading 5 unused Assets to reduce memory usage. Loaded Objects now: 3005.
Total: 3.200200 ms (FindLiveObjects: 0.494000 ms CreateObjectMapping: 0.239700 ms MarkObjects: 2.436800 ms  DeleteObjects: 0.027700 ms)

========================================================================
Received Prepare
Registering precompiled user dll's ...
Registered in 0.004846 seconds.
Begin MonoManager ReloadAssembly
Native extension for WindowsStandalone target not found
Native extension for WebGL target not found
Refreshing native plugins compatible for Editor in 0.82 ms, found 0 plugins.
Preloading 0 native plugins for Editor in 0.00 ms.
Invoked RoslynAnalysisRunner static constructor.
RoslynAnalysisRunner will not be running.
RoslynAnalysisRunner has terminated.
Mono: successfully reloaded assembly
- Completed reload, in  1.022 seconds
Platform modules already initialized, skipping
Shader 'Universal Render Pipeline/Particles/Lit': fallback shader 'Universal Render Pipeline/Particles/SimpleLit' not found
Refreshing native plugins compatible for Editor in 0.68 ms, found 0 plugins.
Preloading 0 native plugins for Editor in 0.00 ms.
Unloading 2315 Unused Serialized files (Serialized files now loaded: 0)
System memory in use before: 112.6 MB.
System memory in use after: 112.8 MB.

Unloading 5 unused Assets to reduce memory usage. Loaded Objects now: 3008.
Total: 5.658200 ms (FindLiveObjects: 1.163400 ms CreateObjectMapping: 0.305500 ms MarkObjects: 4.163700 ms  DeleteObjects: 0.023600 ms)

========================================================================
Received Prepare
Registering precompiled user dll's ...
Registered in 0.002160 seconds.
Begin MonoManager ReloadAssembly
Native extension for WindowsStandalone target not found
Native extension for WebGL target not found
Refreshing native plugins compatible for Editor in 0.34 ms, found 0 plugins.
Preloading 0 native plugins for Editor in 0.00 ms.
Invoked RoslynAnalysisRunner static constructor.
RoslynAnalysisRunner will not be running.
RoslynAnalysisRunner has terminated.
Mono: successfully reloaded assembly
- Completed reload, in  0.855 seconds
Platform modules already initialized, skipping
Shader 'Universal Render Pipeline/Particles/Lit': fallback shader 'Universal Render Pipeline/Particles/SimpleLit' not found
Refreshing native plugins compatible for Editor in 0.37 ms, found 0 plugins.
Preloading 0 native plugins for Editor in 0.00 ms.
Unloading 2315 Unused Serialized files (Serialized files now loaded: 0)
System memory in use before: 112.5 MB.
System memory in use after: 112.8 MB.

Unloading 5 unused Assets to reduce memory usage. Loaded Objects now: 3011.
Total: 1.865400 ms (FindLiveObjects: 0.290600 ms CreateObjectMapping: 0.071900 ms MarkObjects: 1.488000 ms  DeleteObjects: 0.013800 ms)

========================================================================
Received Import Request.
  Time since last request: 2878.434492 seconds.
  path: Packages/com.unity.render-pipelines.universal/Runtime/Materials/SimpleLit.mat
  artifactKey: Guid(6a1143ee683302f4aa628c052723efc1) Importer(815301076,1909f56bfc062723c751e8b465ee728b)
Start importing Packages/com.unity.render-pipelines.universal/Runtime/Materials/SimpleLit.mat using Guid(6a1143ee683302f4aa628c052723efc1) Importer(815301076,1909f56bfc062723c751e8b465ee728b)  -> (artifact id: 'bd7974844f796f5ff41f0da3477f3c2b') in 0.608786 seconds
  Import took 0.614537 seconds .

========================================================================
Received Import Request.
  Time since last request: 0.000167 seconds.
  path: Packages/com.unity.render-pipelines.universal/Runtime/Materials/TerrainLit.mat
  artifactKey: Guid(594ea882c5a793440b60ff72d896021e) Importer(815301076,1909f56bfc062723c751e8b465ee728b)
Start importing Packages/com.unity.render-pipelines.universal/Runtime/Materials/TerrainLit.mat using Guid(594ea882c5a793440b60ff72d896021e) Importer(815301076,1909f56bfc062723c751e8b465ee728b)  -> (artifact id: 'd3333aad3e001b12bdf0976ada6e97a7') in 0.483792 seconds
  Import took 0.489856 seconds .

========================================================================
Received Import Request.
  Time since last request: 0.000183 seconds.
  path: Packages/com.unity.render-pipelines.universal/Runtime/Materials/Sprite-Unlit-Default.mat
  artifactKey: Guid(9dfc825aed78fcd4ba02077103263b40) Importer(815301076,1909f56bfc062723c751e8b465ee728b)
Start importing Packages/com.unity.render-pipelines.universal/Runtime/Materials/Sprite-Unlit-Default.mat using Guid(9dfc825aed78fcd4ba02077103263b40) Importer(815301076,1909f56bfc062723c751e8b465ee728b)  -> (artifact id: '3de72039f7a3d4ac7b3495ebef094506') in 0.042697 seconds
  Import took 0.047060 seconds .

========================================================================
Received Import Request.
  Time since last request: 0.000225 seconds.
  path: Packages/com.unity.render-pipelines.universal/Runtime/Materials/Sprite-Lit-Default.mat
  artifactKey: Guid(a97c105638bdf8b4a8650670310a4cd3) Importer(815301076,1909f56bfc062723c751e8b465ee728b)
Start importing Packages/com.unity.render-pipelines.universal/Runtime/Materials/Sprite-Lit-Default.mat using Guid(a97c105638bdf8b4a8650670310a4cd3) Importer(815301076,1909f56bfc062723c751e8b465ee728b)  -> (artifact id: '76fc09140f0cf8b498b69c68165bb911') in 0.015011 seconds
  Import took 0.020890 seconds .

========================================================================
Received Import Request.
  Time since last request: 0.725106 seconds.
  path: Packages/com.unity.searcher/Editor/Resources/FlatSkin/Font/Roboto-Regular.ttf
  artifactKey: Guid(30dc370b164eefc43b95744fc796dad0) Importer(815301076,1909f56bfc062723c751e8b465ee728b)
Start importing Packages/com.unity.searcher/Editor/Resources/FlatSkin/Font/Roboto-Regular.ttf using Guid(30dc370b164eefc43b95744fc796dad0) Importer(815301076,1909f56bfc062723c751e8b465ee728b)  -> (artifact id: '30b7e5baf7ce5b1b8fa016a68559eea2') in 0.056657 seconds
  Import took 0.063187 seconds .

========================================================================
Received Import Request.
  Time since last request: 0.000260 seconds.
  path: Packages/com.unity.searcher/Editor/Resources/FlatSkin/Font/Roboto-MediumItalic.ttf
  artifactKey: Guid(d93c1bc57fdf1ac4dad1bf04fac05464) Importer(815301076,1909f56bfc062723c751e8b465ee728b)
Start importing Packages/com.unity.searcher/Editor/Resources/FlatSkin/Font/Roboto-MediumItalic.ttf using Guid(d93c1bc57fdf1ac4dad1bf04fac05464) Importer(815301076,1909f56bfc062723c751e8b465ee728b)  -> (artifact id: 'f71c340566409bfd499c43b73f9db1ad') in 0.022113 seconds
  Import took 0.031970 seconds .

========================================================================
Received Import Request.
  Time since last request: 0.000196 seconds.
  path: Packages/com.unity.searcher/Editor/Resources/FlatSkin/Font/Roboto-Thin.ttf
  artifactKey: Guid(19a9abb883540be48b75b951a927ae03) Importer(815301076,1909f56bfc062723c751e8b465ee728b)
Start importing Packages/com.unity.searcher/Editor/Resources/FlatSkin/Font/Roboto-Thin.ttf using Guid(19a9abb883540be48b75b951a927ae03) Importer(815301076,1909f56bfc062723c751e8b465ee728b)  -> (artifact id: '90fa32ab770b7b55d887bddb34c3794f') in 0.024126 seconds
  Import took 0.032084 seconds .

========================================================================
Received Import Request.
  Time since last request: 0.000284 seconds.
  path: Packages/com.unity.searcher/Editor/Resources/FlatSkin/Font/Roboto-ThinItalic.ttf
  artifactKey: Guid(b2ea3b3f1765e544b9eb5bd1a93a91ce) Importer(815301076,1909f56bfc062723c751e8b465ee728b)
Start importing Packages/com.unity.searcher/Editor/Resources/FlatSkin/Font/Roboto-ThinItalic.ttf using Guid(b2ea3b3f1765e544b9eb5bd1a93a91ce) Importer(815301076,1909f56bfc062723c751e8b465ee728b)  -> (artifact id: 'da035f7505030b3a707b7bf08fa404d1') in 0.021943 seconds
  Import took 0.030002 seconds .

========================================================================
Received Import Request.
  Time since last request: 0.000419 seconds.
  path: Packages/com.unity.render-pipelines.universal/Runtime/Materials/Lit.mat
  artifactKey: Guid(31321ba15b8f8eb4c954353edc038b1d) Importer(815301076,1909f56bfc062723c751e8b465ee728b)
Start importing Packages/com.unity.render-pipelines.universal/Runtime/Materials/Lit.mat using Guid(31321ba15b8f8eb4c954353edc038b1d) Importer(815301076,1909f56bfc062723c751e8b465ee728b)  -> (artifact id: 'd3ae3cb776703c129e954ca1f55d4cf4') in 0.025374 seconds
  Import took 0.032053 seconds .

========================================================================
Received Import Request.
  Time since last request: 0.000230 seconds.
  path: Packages/com.unity.searcher/Editor/Resources/FlatSkin/Font/Roboto-Medium.ttf
  artifactKey: Guid(a51a3aebb43ac044989270407476b208) Importer(815301076,1909f56bfc062723c751e8b465ee728b)
Start importing Packages/com.unity.searcher/Editor/Resources/FlatSkin/Font/Roboto-Medium.ttf using Guid(a51a3aebb43ac044989270407476b208) Importer(815301076,1909f56bfc062723c751e8b465ee728b)  -> (artifact id: '3bac525093c38b74a823a9ac640a1179') in 0.018359 seconds
  Import took 0.024842 seconds .

========================================================================
Received Import Request.
  Time since last request: 0.000229 seconds.
  path: Packages/com.unity.render-pipelines.core/Runtime/Debugging/Prefabs/Fonts/Perfect DOS VGA 437.ttf
  artifactKey: Guid(74a5091d8707f334b9a5c31ef71a64ba) Importer(815301076,1909f56bfc062723c751e8b465ee728b)
Start importing Packages/com.unity.render-pipelines.core/Runtime/Debugging/Prefabs/Fonts/Perfect DOS VGA 437.ttf using Guid(74a5091d8707f334b9a5c31ef71a64ba) Importer(815301076,1909f56bfc062723c751e8b465ee728b)  -> (artifact id: 'bd15d4f6315182ad4d128ef5726315e7') in 0.017136 seconds
  Import took 0.022328 seconds .

========================================================================
Received Import Request.
  Time since last request: 0.000313 seconds.
  path: Packages/com.unity.searcher/Editor/Resources/FlatSkin/Font/Roboto-Light.ttf
  artifactKey: Guid(2a29e27936eb547458f646f71125b264) Importer(815301076,1909f56bfc062723c751e8b465ee728b)
Start importing Packages/com.unity.searcher/Editor/Resources/FlatSkin/Font/Roboto-Light.ttf using Guid(2a29e27936eb547458f646f71125b264) Importer(815301076,1909f56bfc062723c751e8b465ee728b)  -> (artifact id: '4f39da6eef4f7637288845a82a574d4e') in 0.019985 seconds
  Import took 0.026117 seconds .

========================================================================
Received Import Request.
  Time since last request: 0.000210 seconds.
  path: Packages/com.unity.searcher/Editor/Resources/FlatSkin/Font/Roboto-LightItalic.ttf
  artifactKey: Guid(5e63515167650a541b309ba3bfd4db3d) Importer(815301076,1909f56bfc062723c751e8b465ee728b)
Start importing Packages/com.unity.searcher/Editor/Resources/FlatSkin/Font/Roboto-LightItalic.ttf using Guid(5e63515167650a541b309ba3bfd4db3d) Importer(815301076,1909f56bfc062723c751e8b465ee728b)  -> (artifact id: 'b6faec5d6064d84dfa76a52508ffbaa1') in 0.017158 seconds
  Import took 0.022423 seconds .

========================================================================
Received Import Request.
  Time since last request: 277.369136 seconds.
  path: Assets/Assets/Particulas/pluse.png
  artifactKey: Guid(42c784cd2c77f9442b0930b073fe0451) Importer(815301076,1909f56bfc062723c751e8b465ee728b)
Start importing Assets/Assets/Particulas/pluse.png using Guid(42c784cd2c77f9442b0930b073fe0451) Importer(815301076,1909f56bfc062723c751e8b465ee728b)  -> (artifact id: 'b96f7f54fd462b14b4ee775dc633f322') in 0.017652 seconds
  Import took 0.024525 seconds .

========================================================================
Received Import Request.
  Time since last request: 4.280832 seconds.
  path: Assets/Assets/Particulas/pluse.png
  artifactKey: Guid(42c784cd2c77f9442b0930b073fe0451) Importer(815301076,1909f56bfc062723c751e8b465ee728b)
Start importing Assets/Assets/Particulas/pluse.png using Guid(42c784cd2c77f9442b0930b073fe0451) Importer(815301076,1909f56bfc062723c751e8b465ee728b)  -> (artifact id: 'aa5eb0deda06f5e0425e333504351b3c') in 0.025626 seconds
  Import took 0.030998 seconds .

========================================================================
Received Import Request.
  Time since last request: 455.550419 seconds.
  path: Assets/Assets/Particulas/Iman2.mat
  artifactKey: Guid(332d9d27318eafd4fa7d4760d0e027a9) Importer(815301076,1909f56bfc062723c751e8b465ee728b)
Start importing Assets/Assets/Particulas/Iman2.mat using Guid(332d9d27318eafd4fa7d4760d0e027a9) Importer(815301076,1909f56bfc062723c751e8b465ee728b)  -> (artifact id: 'cd5f27a468b2083c45359f73e7861c55') in 0.028604 seconds
  Import took 0.033814 seconds .

========================================================================
Received Prepare
Registering precompiled user dll's ...
Registered in 0.002491 seconds.
Begin MonoManager ReloadAssembly
Native extension for WindowsStandalone target not found
Native extension for WebGL target not found
Refreshing native plugins compatible for Editor in 0.33 ms, found 0 plugins.
Preloading 0 native plugins for Editor in 0.00 ms.
Invoked RoslynAnalysisRunner static constructor.
RoslynAnalysisRunner will not be running.
RoslynAnalysisRunner has terminated.
Mono: successfully reloaded assembly
- Completed reload, in  0.909 seconds
Platform modules already initialized, skipping
Shader 'Universal Render Pipeline/Particles/Lit': fallback shader 'Universal Render Pipeline/Particles/SimpleLit' not found
Refreshing native plugins compatible for Editor in 0.59 ms, found 0 plugins.
Preloading 0 native plugins for Editor in 0.00 ms.
Unloading 2315 Unused Serialized files (Serialized files now loaded: 0)
System memory in use before: 113.1 MB.
System memory in use after: 113.4 MB.

Unloading 5 unused Assets to reduce memory usage. Loaded Objects now: 3055.
Total: 2.754900 ms (FindLiveObjects: 0.344400 ms CreateObjectMapping: 0.088800 ms MarkObjects: 2.298500 ms  DeleteObjects: 0.022000 ms)

========================================================================
Received Import Request.
  Time since last request: 462.813994 seconds.
  path: Assets/Fbx/i-man.fbx
  artifactKey: Guid(b55a109f2760f6e4d8bfe498a390e664) Importer(815301076,1909f56bfc062723c751e8b465ee728b)
Start importing Assets/Fbx/i-man.fbx using Guid(b55a109f2760f6e4d8bfe498a390e664) Importer(815301076,1909f56bfc062723c751e8b465ee728b)  -> (artifact id: '359a3d09163ce9c4d0c876f108c1ec71') in 0.369984 seconds
  Import took 0.375961 seconds .

========================================================================
Received Import Request.
  Time since last request: 42.893079 seconds.
  path: Assets/Fbx/i-man.fbx
  artifactKey: Guid(b55a109f2760f6e4d8bfe498a390e664) Importer(815301076,1909f56bfc062723c751e8b465ee728b)
Start importing Assets/Fbx/i-man.fbx using Guid(b55a109f2760f6e4d8bfe498a390e664) Importer(815301076,1909f56bfc062723c751e8b465ee728b)  -> (artifact id: 'ecf33fbdc3d05ae16f0baf27817086e8') in 0.314952 seconds
  Import took 0.321437 seconds .

========================================================================
Received Prepare
Registering precompiled user dll's ...
Registered in 0.002338 seconds.
Begin MonoManager ReloadAssembly
Native extension for WindowsStandalone target not found
Native extension for WebGL target not found
Refreshing native plugins compatible for Editor in 0.52 ms, found 0 plugins.
Preloading 0 native plugins for Editor in 0.00 ms.
Invoked RoslynAnalysisRunner static constructor.
RoslynAnalysisRunner will not be running.
RoslynAnalysisRunner has terminated.
Mono: successfully reloaded assembly
- Completed reload, in  1.402 seconds
Platform modules already initialized, skipping
Shader 'Universal Render Pipeline/Particles/Lit': fallback shader 'Universal Render Pipeline/Particles/SimpleLit' not found
Refreshing native plugins compatible for Editor in 0.51 ms, found 0 plugins.
Preloading 0 native plugins for Editor in 0.00 ms.
Unloading 2315 Unused Serialized files (Serialized files now loaded: 0)
System memory in use before: 113.3 MB.
System memory in use after: 113.5 MB.

Unloading 5 unused Assets to reduce memory usage. Loaded Objects now: 3094.
Total: 2.990500 ms (FindLiveObjects: 0.461300 ms CreateObjectMapping: 0.191900 ms MarkObjects: 2.314500 ms  DeleteObjects: 0.021600 ms)

========================================================================
Received Prepare
Registering precompiled user dll's ...
Registered in 0.001783 seconds.
Begin MonoManager ReloadAssembly
Native extension for WindowsStandalone target not found
Native extension for WebGL target not found
Refreshing native plugins compatible for Editor in 0.39 ms, found 0 plugins.
Preloading 0 native plugins for Editor in 0.00 ms.
Invoked RoslynAnalysisRunner static constructor.
RoslynAnalysisRunner will not be running.
RoslynAnalysisRunner has terminated.
Mono: successfully reloaded assembly
- Completed reload, in  1.009 seconds
Platform modules already initialized, skipping
Shader 'Universal Render Pipeline/Particles/Lit': fallback shader 'Universal Render Pipeline/Particles/SimpleLit' not found
Refreshing native plugins compatible for Editor in 0.38 ms, found 0 plugins.
Preloading 0 native plugins for Editor in 0.00 ms.
Unloading 2315 Unused Serialized files (Serialized files now loaded: 0)
System memory in use before: 113.3 MB.
System memory in use after: 113.5 MB.

Unloading 5 unused Assets to reduce memory usage. Loaded Objects now: 3097.
Total: 3.411200 ms (FindLiveObjects: 0.826100 ms CreateObjectMapping: 0.196400 ms MarkObjects: 2.364900 ms  DeleteObjects: 0.020600 ms)

========================================================================
Received Prepare
Registering precompiled user dll's ...
Registered in 0.002159 seconds.
Begin MonoManager ReloadAssembly
Native extension for WindowsStandalone target not found
Native extension for WebGL target not found
Refreshing native plugins compatible for Editor in 0.49 ms, found 0 plugins.
Preloading 0 native plugins for Editor in 0.00 ms.
Invoked RoslynAnalysisRunner static constructor.
RoslynAnalysisRunner will not be running.
RoslynAnalysisRunner has terminated.
Mono: successfully reloaded assembly
- Completed reload, in  0.907 seconds
Platform modules already initialized, skipping
Shader 'Universal Render Pipeline/Particles/Lit': fallback shader 'Universal Render Pipeline/Particles/SimpleLit' not found
Refreshing native plugins compatible for Editor in 0.36 ms, found 0 plugins.
Preloading 0 native plugins for Editor in 0.00 ms.
Unloading 2315 Unused Serialized files (Serialized files now loaded: 0)
System memory in use before: 113.3 MB.
System memory in use after: 113.5 MB.

Unloading 5 unused Assets to reduce memory usage. Loaded Objects now: 3100.
Total: 1.914400 ms (FindLiveObjects: 0.217500 ms CreateObjectMapping: 0.065000 ms MarkObjects: 1.610600 ms  DeleteObjects: 0.019800 ms)

========================================================================
Received Prepare
Registering precompiled user dll's ...
Registered in 0.002260 seconds.
Begin MonoManager ReloadAssembly
Native extension for WindowsStandalone target not found
Native extension for WebGL target not found
Refreshing native plugins compatible for Editor in 0.38 ms, found 0 plugins.
Preloading 0 native plugins for Editor in 0.00 ms.
Invoked RoslynAnalysisRunner static constructor.
RoslynAnalysisRunner will not be running.
RoslynAnalysisRunner has terminated.
Mono: successfully reloaded assembly
- Completed reload, in  0.956 seconds
Platform modules already initialized, skipping
Shader 'Universal Render Pipeline/Particles/Lit': fallback shader 'Universal Render Pipeline/Particles/SimpleLit' not found
Refreshing native plugins compatible for Editor in 0.39 ms, found 0 plugins.
Preloading 0 native plugins for Editor in 0.00 ms.
Unloading 2315 Unused Serialized files (Serialized files now loaded: 0)
System memory in use before: 113.2 MB.
System memory in use after: 113.4 MB.

Unloading 5 unused Assets to reduce memory usage. Loaded Objects now: 3103.
Total: 2.642000 ms (FindLiveObjects: 0.236700 ms CreateObjectMapping: 0.059300 ms MarkObjects: 2.321600 ms  DeleteObjects: 0.022600 ms)

========================================================================
Received Prepare
Registering precompiled user dll's ...
Registered in 0.039528 seconds.
Begin MonoManager ReloadAssembly
Native extension for WindowsStandalone target not found
Native extension for WebGL target not found
Refreshing native plugins compatible for Editor in 0.54 ms, found 0 plugins.
Preloading 0 native plugins for Editor in 0.00 ms.
Invoked RoslynAnalysisRunner static constructor.
RoslynAnalysisRunner will not be running.
RoslynAnalysisRunner has terminated.
Mono: successfully reloaded assembly
- Completed reload, in  1.794 seconds
Platform modules already initialized, skipping
Shader 'Universal Render Pipeline/Particles/Lit': fallback shader 'Universal Render Pipeline/Particles/SimpleLit' not found
Refreshing native plugins compatible for Editor in 3.53 ms, found 0 plugins.
Preloading 0 native plugins for Editor in 0.00 ms.
Unloading 2315 Unused Serialized files (Serialized files now loaded: 0)
System memory in use before: 113.3 MB.
System memory in use after: 113.5 MB.

Unloading 5 unused Assets to reduce memory usage. Loaded Objects now: 3106.
Total: 9.255600 ms (FindLiveObjects: 2.000100 ms CreateObjectMapping: 0.643500 ms MarkObjects: 6.568000 ms  DeleteObjects: 0.040500 ms)

========================================================================
Received Prepare
Registering precompiled user dll's ...
Registered in 0.002696 seconds.
Begin MonoManager ReloadAssembly
Native extension for WindowsStandalone target not found
Native extension for WebGL target not found
Refreshing native plugins compatible for Editor in 0.34 ms, found 0 plugins.
Preloading 0 native plugins for Editor in 0.00 ms.
Invoked RoslynAnalysisRunner static constructor.
RoslynAnalysisRunner will not be running.
RoslynAnalysisRunner has terminated.
Mono: successfully reloaded assembly
- Completed reload, in  0.771 seconds
Platform modules already initialized, skipping
Shader 'Universal Render Pipeline/Particles/Lit': fallback shader 'Universal Render Pipeline/Particles/SimpleLit' not found
Refreshing native plugins compatible for Editor in 0.85 ms, found 0 plugins.
Preloading 0 native plugins for Editor in 0.00 ms.
Unloading 2315 Unused Serialized files (Serialized files now loaded: 0)
System memory in use before: 113.3 MB.
System memory in use after: 113.6 MB.

Unloading 5 unused Assets to reduce memory usage. Loaded Objects now: 3109.
Total: 2.757100 ms (FindLiveObjects: 0.740300 ms CreateObjectMapping: 0.175800 ms MarkObjects: 1.820600 ms  DeleteObjects: 0.019100 ms)

========================================================================
Received Import Request.
  Time since last request: 936.790036 seconds.
  path: Assets/Prefabs/PlayerParticles.prefab
  artifactKey: Guid(3b365a4fee7cc654e95155644bd3f2d2) Importer(815301076,1909f56bfc062723c751e8b465ee728b)
Start importing Assets/Prefabs/PlayerParticles.prefab using Guid(3b365a4fee7cc654e95155644bd3f2d2) Importer(815301076,1909f56bfc062723c751e8b465ee728b)  -> (artifact id: 'c2f1858b443d81e99b2a0b60c5ed7ad8') in 0.030893 seconds
  Import took 0.035459 seconds .

========================================================================
Received Import Request.
  Time since last request: 103.183811 seconds.
  path: Assets/Assets/Particulas/Imananim.png
  artifactKey: Guid(57dda6afe62b15241ac48401bc1a7575) Importer(815301076,1909f56bfc062723c751e8b465ee728b)
Start importing Assets/Assets/Particulas/Imananim.png using Guid(57dda6afe62b15241ac48401bc1a7575) Importer(815301076,1909f56bfc062723c751e8b465ee728b)  -> (artifact id: 'c03f0b1abb63c5ff899909787513e201') in 0.026502 seconds
  Import took 0.031843 seconds .

========================================================================
Received Import Request.
  Time since last request: 10.217973 seconds.
  path: Assets/Assets/Particulas/Imananim.png
  artifactKey: Guid(57dda6afe62b15241ac48401bc1a7575) Importer(815301076,1909f56bfc062723c751e8b465ee728b)
Start importing Assets/Assets/Particulas/Imananim.png using Guid(57dda6afe62b15241ac48401bc1a7575) Importer(815301076,1909f56bfc062723c751e8b465ee728b)  -> (artifact id: '1f398e24e62bc947989be914e8c2eeed') in 0.039380 seconds
  Import took 0.043534 seconds .

========================================================================
Received Import Request.
  Time since last request: 205.362791 seconds.
  path: Assets/Assets/Particulas/tileprueba.png
  artifactKey: Guid(20b987c371acfc94d883c83864da286e) Importer(815301076,1909f56bfc062723c751e8b465ee728b)
Start importing Assets/Assets/Particulas/tileprueba.png using Guid(20b987c371acfc94d883c83864da286e) Importer(815301076,1909f56bfc062723c751e8b465ee728b)  -> (artifact id: '6820be2e8ebc1c6d2f04a87867b9aef5') in 0.029745 seconds
  Import took 0.037400 seconds .

========================================================================
Received Import Request.
  Time since last request: 9.860775 seconds.
  path: Assets/Assets/Particulas/tileprueba.png
  artifactKey: Guid(20b987c371acfc94d883c83864da286e) Importer(815301076,1909f56bfc062723c751e8b465ee728b)
Start importing Assets/Assets/Particulas/tileprueba.png using Guid(20b987c371acfc94d883c83864da286e) Importer(815301076,1909f56bfc062723c751e8b465ee728b)  -> (artifact id: '0c1a15db5252e035b8f4eb3d45c26994') in 0.019177 seconds
  Import took 0.026566 seconds .

========================================================================
Received Import Request.
  Time since last request: 0.004865 seconds.
  path: Assets/Assets/Particulas/tileprueba.png
  artifactKey: Guid(20b987c371acfc94d883c83864da286e) Importer(815301076,1909f56bfc062723c751e8b465ee728b)
Start importing Assets/Assets/Particulas/tileprueba.png using Guid(20b987c371acfc94d883c83864da286e) Importer(815301076,1909f56bfc062723c751e8b465ee728b)  -> (artifact id: '0c1a15db5252e035b8f4eb3d45c26994') in 0.013820 seconds
  Import took 0.017967 seconds .

========================================================================
Received Prepare
Registering precompiled user dll's ...
Registered in 0.003605 seconds.
Begin MonoManager ReloadAssembly
Native extension for WindowsStandalone target not found
Native extension for WebGL target not found
Refreshing native plugins compatible for Editor in 0.37 ms, found 0 plugins.
Preloading 0 native plugins for Editor in 0.00 ms.
Invoked RoslynAnalysisRunner static constructor.
RoslynAnalysisRunner will not be running.
RoslynAnalysisRunner has terminated.
Mono: successfully reloaded assembly
- Completed reload, in  1.280 seconds
Platform modules already initialized, skipping
Shader 'Universal Render Pipeline/Particles/Lit': fallback shader 'Universal Render Pipeline/Particles/SimpleLit' not found
Refreshing native plugins compatible for Editor in 0.49 ms, found 0 plugins.
Preloading 0 native plugins for Editor in 0.00 ms.
Unloading 2315 Unused Serialized files (Serialized files now loaded: 0)
System memory in use before: 113.3 MB.
System memory in use after: 113.6 MB.

Unloading 5 unused Assets to reduce memory usage. Loaded Objects now: 3115.
Total: 2.194800 ms (FindLiveObjects: 0.328500 ms CreateObjectMapping: 0.079800 ms MarkObjects: 1.759000 ms  DeleteObjects: 0.025900 ms)

========================================================================
Received Import Request.
  Time since last request: 86.310157 seconds.
  path: Assets/Assets/Particulas/Iman1 1.mat
  artifactKey: Guid(5cd2c45cc30ad4349a3cc9a013723895) Importer(815301076,1909f56bfc062723c751e8b465ee728b)
Start importing Assets/Assets/Particulas/Iman1 1.mat using Guid(5cd2c45cc30ad4349a3cc9a013723895) Importer(815301076,1909f56bfc062723c751e8b465ee728b)  -> (artifact id: 'f0bdfe44401653e8cac6c62a91886800') in 0.255309 seconds
  Import took 0.262999 seconds .

